0:100  0:100  MemLog inited, TSC freq: 2593990253
0:100  0:000  CPU was calibrated with ACPI PM Timer
0:100  0:000  
0:100  0:000  Now is 26.5.2019,  2:17:57 (GMT)
0:100  0:000  Starting Clover revision: 4596 on INSYDE Corp. EFI
0:100  0:000  Build with: [Args: -mc --no-usb -D NO_GRUB_DRIVERS_EMBEDDED -t XCODE8 | -D DISABLE_USB_SUPPORT -D NO_GRUB_DRIVERS_EMBEDDED --conf=/Users/ricky/src/edk2/Conf -D USE_BIOS_BLOCKIO -D USE_LOW_EBDA -a X64 -b RELEASE -t XCODE8 -n 7 | OS: 10.13.6 | XCODE: 9.4.1]
0:100  0:000  SelfDevicePath=PciRoot(0x0)\Pci(0x1F,0x2)\Sata(0x4,0x0,0x0)\HD(2,GPT,12CB1BEC-C20F-4ED3-9A13-7F8AFA15B277,0x12C800,0x96000) @9824E998
0:100  0:000  SelfDirPath = \EFI\CLOVER
0:100  0:000  === [ Get Smbios ] ========================================
0:104  0:004  Type 16 Index = 0
0:104  0:000  Total Memory Slots Count = 4
0:104  0:000  Type 17 Index = 0
0:104  0:000  Ignoring insane frequency value 0MHz
0:104  0:000  SmbiosTable.Type17->Speed = 0MHz
0:104  0:000  SmbiosTable.Type17->Size = 0MB
0:104  0:000  SmbiosTable.Type17->Bank/Device = BANK 0 DIMM0
0:104  0:000  SmbiosTable.Type17->Vendor = <null string>
0:104  0:000  SmbiosTable.Type17->SerialNumber = <null string>
0:104  0:000  SmbiosTable.Type17->PartNumber = <null string>
0:104  0:000  Type 17 Index = 1
0:104  0:000  Ignoring insane frequency value 0MHz
0:104  0:000  SmbiosTable.Type17->Speed = 0MHz
0:104  0:000  SmbiosTable.Type17->Size = 0MB
0:104  0:000  SmbiosTable.Type17->Bank/Device = BANK 1 DIMM1
0:104  0:000  SmbiosTable.Type17->Vendor = <null string>
0:104  0:000  SmbiosTable.Type17->SerialNumber = <null string>
0:104  0:000  SmbiosTable.Type17->PartNumber = <null string>
0:104  0:000  Type 17 Index = 2
0:104  0:000  SmbiosTable.Type17->Speed = 1600MHz
0:104  0:000  SmbiosTable.Type17->Size = 8192MB
0:104  0:000  SmbiosTable.Type17->Bank/Device = BANK 2 DIMM2
0:104  0:000  SmbiosTable.Type17->Vendor = Kingston
0:104  0:000  SmbiosTable.Type17->SerialNumber = 040698B7
0:104  0:000  SmbiosTable.Type17->PartNumber = ACR16D3LS1KNG/8G  
0:104  0:000  Type 17 Index = 3
0:104  0:000  Ignoring insane frequency value 0MHz
0:104  0:000  SmbiosTable.Type17->Speed = 0MHz
0:104  0:000  SmbiosTable.Type17->Size = 0MB
0:104  0:000  SmbiosTable.Type17->Bank/Device = BANK 3 DIMM3
0:104  0:000  SmbiosTable.Type17->Vendor = <null string>
0:104  0:000  SmbiosTable.Type17->SerialNumber = <null string>
0:104  0:000  SmbiosTable.Type17->PartNumber = <null string>
0:104  0:000  Boot status=0
0:104  0:000  Running on: 'Aspire E5-572G' with board 'EA50_HWS '
0:104  0:000  === [ GetCPUProperties ] ==================================
0:104  0:000  CPU Vendor = 756E6547 Model=306C3
0:104  0:000   The CPU supported SSE4.1
0:104  0:000  BrandString = Intel(R) Core(TM) i5-4210M CPU @ 2.60GHz
0:104  0:000   The CPU supported turbo
0:104  0:000  MSR 0x35               20004
0:104  0:000  MSR 0xE2 before patch 1E008405
0:104  0:000  MSR 0xE2 is locked, PM patches will be turned on
0:104  0:000  MSR 0xCE              00080838_F3011A00
0:104  0:000  corrected FLEX_RATIO = 0
0:104  0:000  MSR 0x1B0             00000000
0:104  0:000  FSBFrequency = 120 MHz, DMI FSBFrequency = 100 MHz, Corrected FSBFrequency = 100 MHz
0:104  0:000  MaxDiv/MinDiv: 26.0/8
0:104  0:000  Turbo: 31/31/31/32
0:104  0:000  Features: 0xBFEBFBFF
0:104  0:000  Threads: 4
0:104  0:000  Cores: 2
0:104  0:000  FSB: 100 MHz
0:104  0:000  CPU: 3100 MHz
0:104  0:000  TSC: 3100 MHz
0:104  0:000  PIS: 100 MHz
0:104  0:000  ExternalClock: 25 MHz
0:104  0:000  === [ GetDevices ] ========================================
0:104  0:000  PCI (00|00:00.00) : 8086 0C04 class=060000
0:104  0:000  PCI (00|00:01.00) : 8086 0C01 class=060400
0:104  0:000  PCI (00|01:00.00) : 10DE 1347 class=030200
0:104  0:000  PCI (00|00:02.00) : 8086 0416 class=030000
0:104  0:000   - GFX: Model=Intel HD Graphics 4600 (Intel)
0:104  0:000  PCI (00|00:03.00) : 8086 0C0C class=040300
0:104  0:000  PCI (00|00:14.00) : 8086 8C31 class=0C0330
0:104  0:000  PCI (00|00:16.00) : 8086 8C3A class=078000
0:104  0:000  PCI (00|00:1B.00) : 8086 8C20 class=040300
0:104  0:000  PCI (00|00:1C.00) : 8086 8C14 class=060400
0:104  0:000  PCI (00|07:00.00) : 10EC 5287 class=FF0000
0:104  0:000  PCI (00|07:00.01) : 10EC 8168 class=020000
0:104  0:000   - LAN: 0 Vendor=Realtek
0:104  0:000  PCI (00|00:1C.03) : 8086 8C16 class=060400
0:104  0:000  PCI (00|08:00.00) : 168C 0036 class=028000
0:104  0:000   - WIFI: Vendor=Atheros
0:104  0:000  PCI (00|00:1D.00) : 8086 8C26 class=0C0320
0:104  0:000  PCI (00|00:1F.00) : 8086 8C49 class=060100
0:104  0:000  PCI (00|00:1F.02) : 8086 8C03 class=010601
0:104  0:000  PCI (00|00:1F.03) : 8086 8C22 class=0C0500
0:104  0:000  PCI (00|00:1F.06) : FFFF FFFF class=FFFFFF
0:104  0:000  === [ GetDefaultSettings ] ================================
0:104  0:000  Clover load options size = 0 bytes
0:127  0:022  EFI\CLOVER\config.plist loaded: Success
0:131  0:004  === [ GetListOfThemes ] ===================================
0:132  0:000  - [00]: black_green
0:144  0:011  - [01]: black_green.backup
0:147  0:003  - [02]: embedded
0:147  0:000  - [02]: random
0:147  0:000  === [ Found config plists ] ===============================
0:147  0:000  - config.plist
0:148  0:000  === [ GetEarlyUserSettings ] ==============================
0:148  0:000  timeout set to 1
0:148  0:000  Custom boot CUSTOM_BOOT_DISABLED (0x0)
0:148  0:000  ForceKextsToLoad: 1 requested
0:148  0:000   - [0]: System\Library\Extensions\IONetworkingFamily.kext
0:148  0:000  KextsToPatch: 21 requested
0:148  0:000   - [00]: com.apple.driver.usb.AppleUSBXHCI (disable port limit in XHCI kext (credit RehabMan, based prior PMHeart patch)) :: MatchOS: 10.13.6 :: BinPatch :: data len: 10
0:148  0:000   - [01]: com.apple.driver.AppleIntelFramebufferAzul (Enable 9MB cursor bytes, 0x0a260006) :: BinPatch :: data len: 20
0:148  0:000   - [02]: com.apple.driver.AppleIntelFramebufferAzul (Enable 96MB DVMT-prealloc, 0x0a2e0008) :: BinPatch :: data len: 12
0:148  0:000   - patch disabled at config
0:148  0:000   - [03]: com.apple.driver.AppleIntelFramebufferAzul (Enable 128MB DVMT-prealloc, 0x0a2e0008) :: BinPatch :: data len: 12
0:148  0:000   - patch disabled at config
0:148  0:000   - [04]: com.apple.driver.AppleIntelFramebufferAzul (Enable 128MB DVMT-prealloc, 48MB framebuffer, 48MB cursor bytes, 0x0a260006) :: BinPatch :: data len: 20
0:148  0:000   - patch disabled at config
0:148  0:000   - [05]: com.apple.driver.AppleIntelFramebufferAzul (HDMI-audio, port 0105, 0x0a260005 0x0a260006, 0x0d220003, 0x0a2e000a, 0x0a26000a) :: BinPatch :: data len: 12
0:148  0:000   - patch disabled at config
0:148  0:000   - [06]: com.apple.driver.AppleIntelFramebufferAzul (HDMI-audio, port 0204, 0x0d220003, 0x0a2e000a, 0x0a26000a) :: BinPatch :: data len: 12
0:148  0:000   - patch disabled at config
0:148  0:000   - [07]: com.apple.driver.AppleIntelFramebufferAzul (HDMI-audio, port 0204, 0x0a260005 0x0a260006) :: BinPatch :: data len: 12
0:148  0:000   - patch disabled at config
0:148  0:000   - [08]: com.apple.driver.AppleIntelFramebufferAzul (HDMI-audio, port 0105, 0x0a2e0008, 0x0a16000c, 0x0a2e000d, 0x0a26000d) :: BinPatch :: data len: 12
0:148  0:000   - patch disabled at config
0:148  0:000   - [09]: com.apple.driver.AppleIntelFramebufferAzul (HDMI-audio, port 0204, 0x0a2e0008, 0x0a16000c, 0x0a2e000d, 0x0a26000d) :: BinPatch :: data len: 12
0:148  0:000   - patch disabled at config
0:148  0:000   - [10]: com.apple.driver.AppleIntelFramebufferAzul (HDMI-audio, port 0204, 0x0a2e0008, 0x0a16000c, 0x0a2e000d, 0x0a26000d) :: MatchOS: 10.12.x :: BinPatch :: data len: 12
0:148  0:000   - patch disabled at config
0:148  0:000   - [11]: com.apple.driver.AppleIntelFramebufferAzul (Enable internal display after sleep for 0x0a2e0008, credit syscl/lighting/Yating Zhou) :: BinPatch :: data len: 16
0:148  0:000   - patch disabled at config
0:148  0:000   - [12]: AppleIntelFramebufferAzul (Enable internal display after sleep for 0x0a2e000a, 0x0a26000a) :: BinPatch :: data len: 16
0:148  0:000   - patch disabled at config
0:148  0:000   - [13]: com.apple.driver.AppleIntelFramebufferAzul (HDMI-audio, port 0105(12), 0x0a260005 0x0a260006, 0x0d220003, 0x0a2e000a, 0x0a26000a) :: BinPatch :: data len: 12
0:148  0:000   - patch disabled at config
0:148  0:000   - [14]: com.apple.driver.AppleIntelFramebufferAzul (HDMI-audio, port 0204(12), 0x0d220003, 0x0a2e000a, 0x0a26000a) :: BinPatch :: data len: 12
0:148  0:000   - patch disabled at config
0:148  0:000   - [15]: com.apple.driver.AppleIntelFramebufferAzul (HDMI-audio, port 0204(12), 0x0a260005 0x0a260006) :: BinPatch :: data len: 12
0:148  0:000   - patch disabled at config
0:148  0:000   - [16]: com.apple.driver.AppleIntelFramebufferAzul (HDMI-audio, port 0105(12), 0x0a2e0008, 0x0a16000c, 0x0a2e000d, 0x0a26000d) :: BinPatch :: data len: 12
0:148  0:000   - patch disabled at config
0:148  0:000   - [17]: com.apple.driver.AppleIntelFramebufferAzul (HDMI-audio, port 0204(12), 0x0a2e0008, 0x0a16000c, 0x0a2e000d, 0x0a26000d) :: BinPatch :: data len: 12
0:148  0:000   - patch disabled at config
0:148  0:000   - [18]: com.apple.driver.AppleIntelFramebufferAzul (HDMI-audio, port 0204(12), 0x0a2e0008, 0x0a16000c, 0x0a2e000d, 0x0a26000d) :: MatchOS: 10.12.x :: BinPatch :: data len: 12
0:148  0:000   - patch disabled at config
0:148  0:000   - [19]: IOGraphicsFamily (10.13+-第二阶段花屏) :: MatchOS:  10.13.x :: BinPatch :: data len: 5
0:148  0:000   - [20]: AppleIntelFramebufferAzul (NoLabel) :: BinPatch :: data len: 20
0:148  0:000  KernelToPatch: 1 requested
0:148  0:000   - [00]: MSR 0xE2 _xcpm_idle instant reboot(c) Pike R. Alpha :: MatchOS: 10.12.x,10.11.x :: data len: 8
0:148  0:000  Default theme: ABC
0:148  0:000  Hiding entries with string Preboot
0:148  0:000  Hiding entries with string Recovery
0:148  0:000  ** Warning: unknown custom entry Type 'Other'
0:148  0:000   Custom EDID is ok
0:148  0:000  === [ LoadDrivers ] =======================================
0:156  0:008  Loading ApfsDriverLoader-64.efi  status=Success
0:157  0:000   - driver needs connecting
0:157  0:000  Loading AppleUITheme-64.efi  status=Success
0:157  0:000  Loading AptioInputFix.efi  status=Success
0:157  0:000  Loading AptioMemoryFix-64.efi  status=Success
0:157  0:000  Loading DataHubDxe-64.efi  status=Success
0:157  0:000  Loading Fat-64.efi  status=Success
0:158  0:000   - driver needs connecting
0:158  0:000  Loading FirmwareVolume-64.efi  status=Success
0:158  0:000  Loading FSInject-64.efi  status=Success
0:158  0:000  Loading HFSPlus-64.efi  status=Success
0:158  0:000   - driver needs connecting
0:158  0:000  Loading NTFS.efi  status=Success
0:159  0:000   - driver needs connecting
0:159  0:000  Loading OsxFatBinaryDrv-64.efi  status=Success
0:163  0:004  Loading PartitionDxe-64.efi  status=Success
0:172  0:009   - driver needs connecting
0:172  0:000  Loading VBoxHfs-64.efi  status=Success
0:173  0:000   - driver needs connecting
0:173  0:000  6 drivers needs connecting ...
0:173  0:000  PlatformDriverOverrideProtocol not found. Installing ... Success
0:173  0:000  Partition driver loaded: 
0:173  0:000  HFS+ driver loaded
0:173  0:000  APFS driver loaded
0:173  0:000  Searching for invalid DiskIo BY_DRIVER connects: not found, all ok
1:311  1:138  === [ InitScreen ] ========================================
1:311  0:000  SetScreenResolution: 1280x1024 - setting Mode 4
2:368  1:057  Video mode change to mode #4: Success
2:368  0:000  Console modes reported: 6, available modes:
2:368  0:000   - [01]: 80x25
2:368  0:000   - [02]: 80x50
2:368  0:000   - [03]: 240x56 (current mode)
2:368  0:000   - [04]: 100x31
2:368  0:000   - [05]: 128x40
2:368  0:000   - [06]: 160x53
2:368  0:000  SetScreenResolution: 1280x1024 - already set
2:389  0:020  reinit: self device path=PciRoot(0x0)\Pci(0x1F,0x2)\Sata(0x4,0x0,0x0)\HD(2,GPT,12CB1BEC-C20F-4ED3-9A13-7F8AFA15B277,0x12C800,0x96000)
2:390  0:000  Using embedded font: Success
2:390  0:000  === [ GetMacAddress ] =====================================
2:390  0:000  MAC address of LAN #0= 1C:39:47:9A:C7:8B:
2:390  0:000  === [ ScanSPD ] ===========================================
2:390  0:000  SMBus device : 8086 8C22 class=0C0500 status=Success
2:390  0:000  SMBus CmdReg: 0x3
2:390  0:000  Scanning SMBus [8086:8C22], mmio: 0xD1619004, ioport: 0x5040, hostc: 0x11
2:390  0:000  Slots to scan [8]...
2:391  0:000  SPD[2]: Type 11 @0x52
2:409  0:017  DDR speed 1600MHz
2:409  0:000  Slot: 2 Type 24 8192MB 1600MHz Vendor=Kingston PartNo=ACR16D3LS1KNG8G SerialNo=0004000609080B07
2:410  0:000  === [ GetAcpiTablesList ] =================================
2:419  0:009  Get Acpi Tables List from RSDT:
2:419  0:000   - [00]: FACP  ACRPRDCT len=268
2:419  0:000   - [01]: UEFI  ACRPRDCT len=566
2:419  0:000   - [02]: FPDT  ACRPRDCT len=68
2:419  0:000   - [03]: MSDM  ACRPRDCT len=85
2:419  0:000   - [04]: ASF!  ACRPRDCT len=165
2:419  0:000   - [05]: HPET  ACRPRDCT len=56
2:419  0:000   - [06]: APIC  ACRPRDCT len=140
2:419  0:000   - [07]: MCFG  ACRPRDCT len=60
2:419  0:000   - [08]: SSDT  ACRPRDCT len=8232
2:419  0:000   - [09]: BOOT  ACRPRDCT len=40
2:419  0:000   - [10]: LPIT  ACRPRDCT len=148
2:419  0:000   - [11]: ASPT  ACRPRDCT len=52
2:419  0:000   - [12]: DBGP  ACRPRDCT len=52
2:419  0:000   - [13]: SSDT  ACRPRDCT len=1337
2:419  0:000   - [14]: SSDT  ACRPRDCT len=2776
2:419  0:000   - [15]: SSDT  ACRPRDCT len=15244
2:419  0:000   - [16]: SSDT  ACRPRDCT len=14536
2:419  0:000   - [17]: BGRT  ACRPRDCT len=56
2:419  0:000  Calibrated TSC Frequency = 2593990253 = 2593MHz
2:419  0:000  === [ GetUserSettings ] ===================================
2:419  0:000   Custom EDID is ok
2:419  0:000  Can't install EdidOverride on ImageHandle
2:419  0:000  USB FixOwnership: yes
2:419  0:000  Dropping 2 tables:
2:419  0:000   - [00]: Drop table  signature="#MCF" (46434D23)
2:419  0:000           - set table: 46434D23,                0 to drop: no
2:419  0:000   - [01]: Drop table  signature="DMAR" (52414D44)
2:419  0:000           - set table: 52414D44,                0 to drop: no
2:419  0:000   - final DSDT Fix mask=20000000
2:419  0:000  PatchesDSDT: 12 requested
2:419  0:000   - [00]: (change OSID to XSID (to avoid match against _OSI XOSI patch)) lenToFind: 4, lenToReplace: 4, Target Bridge: <null string>
2:419  0:000    patch disabled at config
2:419  0:000   - [01]: (change _OSI to XOSI) lenToFind: 4, lenToReplace: 4, Target Bridge: <null string>
2:419  0:000    patch disabled at config
2:419  0:000   - [02]: (change _DSM to XDSM) lenToFind: 4, lenToReplace: 4, Target Bridge: <null string>
2:419  0:000    patch disabled at config
2:419  0:000   - [03]: (change EC0 to EC) lenToFind: 4, lenToReplace: 4, Target Bridge: <null string>
2:419  0:000    patch disabled at config
2:419  0:000   - [04]: (change H_EC to EC) lenToFind: 4, lenToReplace: 4, Target Bridge: <null string>
2:419  0:000    patch disabled at config
2:419  0:000   - [05]: (change EHC1 to EH01) lenToFind: 4, lenToReplace: 4, Target Bridge: <null string>
2:419  0:000   - [06]: (change EHC2 to EH02) lenToFind: 4, lenToReplace: 4, Target Bridge: <null string>
2:419  0:000   - [07]: (change GFX0 to IGPU) lenToFind: 4, lenToReplace: 4, Target Bridge: <null string>
2:419  0:000   - [08]: (change GFX0 to IGPU) lenToFind: 4, lenToReplace: 4, Target Bridge: <null string>
2:419  0:000   - [09]: (change PCI0.VID to IGPU #1 (Thinkpad)) lenToFind: 8, lenToReplace: 8, Target Bridge: <null string>
2:419  0:000   - [10]: (change PCI0.VID to IGPU #2 (Thinkpad)) lenToFind: 14, lenToReplace: 14, Target Bridge: <null string>
2:419  0:000   - [11]: (change B0D3 to HDAU) lenToFind: 4, lenToReplace: 4, Target Bridge: <null string>
2:419  0:000  Using ProductName from config: MacBookPro11,5
2:419  0:000  Using latest BiosVersion from clover
2:419  0:000  BiosVersion: MBP114.88Z.0183.B00.1804091616
2:419  0:000  BiosReleaseDate: 04/09/2018
2:419  0:000  Using FirmwareFeatures from config: 0xE80FE137
2:419  0:000  Using FirmwareFeaturesMask from config: 0xFF1FFF3F
2:419  0:000  Board-ID set from config as Mac-06F11F11946D27C5
2:419  0:000  BoardType: 0xA
2:419  0:000  ChassisType: 0xA
2:473  0:053  === [ Found DSDT tables ] =================================
2:475  0:002  - DSDT.aml
3:927  1:451  === [ ScanVolumes ] =======================================
3:927  0:000  Found 9 volumes with blockIO
3:927  0:000  - [00]: Volume: PciRoot(0x0)\Pci(0x1F,0x2)\Sata(0x4,0x0,0x0)
3:932  0:005  - [01]: Volume: PciRoot(0x0)\Pci(0x1F,0x2)\Sata(0x4,0x0,0x0)\HD(1,GPT,243B09C9-DDF4-4EC1-AA0E-89C60AA72885,0x800,0x12C000)
3:940  0:007          Result of bootcode detection: bootable Windows (vista,win)
3:940  0:000  - [02]: Volume: PciRoot(0x0)\Pci(0x1F,0x2)\Sata(0x4,0x0,0x0)\HD(2,GPT,12CB1BEC-C20F-4ED3-9A13-7F8AFA15B277,0x12C800,0x96000)
3:942  0:002          Result of bootcode detection: bootable Windows (vista,win)
3:954  0:011          This is SelfVolume !!
3:954  0:000  - [03]: Volume: PciRoot(0x0)\Pci(0x1F,0x2)\Sata(0x4,0x0,0x0)\HD(3,GPT,20D75852-2DDD-4E07-AAF0-71999F1E04F7,0x1C2800,0x40000)
3:967  0:012  - [04]: Volume: PciRoot(0x0)\Pci(0x1F,0x2)\Sata(0x4,0x0,0x0)\HD(4,GPT,B0B57385-B493-4922-86D1-A624FC8168B2,0x202800,0x13A66800)
3:975  0:007          Result of bootcode detection: bootable Windows (vista,win)
3:975  0:000  - [05]: Volume: PciRoot(0x0)\Pci(0x1F,0x2)\Sata(0x4,0x0,0x0)\HD(5,GPT,138F3D5B-F8E3-4BC1-84C0-B82D7F0905CD,0x13C69000,0x18807000)
3:993  0:018          Result of bootcode detection: bootable Windows (win)
3:993  0:000  - [06]: Volume: PciRoot(0x0)\Pci(0x1F,0x2)\Sata(0x4,0x0,0x0)\HD(6,GPT,5EF5E871-50BF-4F32-83ED-865B55771176,0x2C470000,0x27C0E800)
4:006  0:013          Result of bootcode detection: bootable Windows (vista,win)
4:006  0:000  - [07]: Volume: PciRoot(0x0)\Pci(0x1F,0x2)\Sata(0x4,0x0,0x0)\HD(7,GPT,DE458828-389D-42F6-9F67-29144802C5D2,0x5407F000,0x20551E68)
4:019  0:012  - [08]: Volume: PciRoot(0x0)\Pci(0x1F,0x2)\Sata(0x4,0x0,0x0)\HD(8,GPT,62B728EF-28C2-41DC-B34C-7F165BEA25B5,0x745D0E68,0x135F20)
4:035  0:016          hiding this volume
4:035  0:000  === [ InitTheme ] =========================================
4:035  0:000  GlobalConfig: ABC not found, get embedded theme
4:035  0:000   using embedded theme
4:035  0:000  Using embedded font: Success
4:036  0:000  Chosen embedded theme
4:036  0:000  after NVRAM boot-args=-ath9565 dart=0 npci=0x2000 nv_disable=1 kext-dev-mode=1
4:036  0:000  === [ Dump SMC keys from NVRAM ] ==========================
4:036  0:000  no AppleSMC protocol
4:043  0:007  === [ AddCustomEntries ] ==================================
4:043  0:000  Custom entry 0 skipped because it is disabled.
4:043  0:000  === [ ScanLoader ] ========================================
4:043  0:000  - [02]: 'ESP'
4:065  0:022          AddLoaderEntry for Volume Name=ESP
4:065  0:000      Not match custom entry 0: Type: not match
4:066  0:000          AddLoaderEntry for Volume Name=ESP
4:066  0:000          skipped because entry is hidden
4:066  0:000  - [04]: 'ACER'
4:070  0:003  - [05]: 'SYS'
4:084  0:014  - [06]: 'DATA'
4:115  0:031  - [07]: 'MACOS'
4:170  0:055          AddLoaderEntry for Volume Name=MACOS
4:170  0:000      Not match custom entry 0: Type: not match
4:215  0:045      hibernated: set as never
4:217  0:001  - [08]: 'Recovery HD', hidden
4:217  0:000  === [ AddCustomTool ] =====================================
4:245  0:028  found tool \EFI\CLOVER\tools\Shell64U.efi
4:245  0:000  Checking EFI partition Volume 2 for Clover
4:245  0:000   Found Clover
4:245  0:000  === [ GetEfiBootDeviceFromNvram ] =========================
4:245  0:000   - efi-boot-device-data: PciRoot(0x0)\Pci(0x1F,0x2)\Sata(0x4,0x0,0x0)\HD(7,GPT,DE458828-389D-42F6-9F67-29144802C5D2,0x5407F000,0x20551E68)
4:245  0:000    - Volume: 'PciRoot(0x0)\Pci(0x1F,0x2)\Sata(0x4,0x0,0x0)\HD(7,GPT,DE458828-389D-42F6-9F67-29144802C5D2,0x5407F000,0x20551E68)'
4:245  0:000    - LoaderPath: '<null string>'
4:245  0:000    - Guid = DE458828-389D-42F6-9F67-29144802C5D2
4:245  0:000  === [ FindStartupDiskVolume ] =============================
4:245  0:000    - Volume: partition = PciRoot(0x0)\Pci(0x1F,0x2)\Sata(0x4,0x0,0x0)\HD(7,GPT,DE458828-389D-42F6-9F67-29144802C5D2,0x5407F000,0x20551E68)
4:245  0:000     - searching for that partition
4:245  0:000      - found entry 1. 'Boot macOS from MACOS', Volume 'MACOS'
4:245  0:000  Boot redirected to Entry 1. 'Boot macOS from MACOS'
4:245  0:000  DefaultIndex=1 and MainMenu.EntryCount=8
7:291  3:045  GUI ready
9:527  2:236  DSDT found in Clover volume OEM folder: EFI\CLOVER\ACPI\patched\DSDT.aml
9:550  0:023  === [ FixBiosDsdt ] =======================================
9:551  0:000  VideoCard devID=0x4168086
9:551  0:000  DisplayADR1[0] = 0x20000, DisplayADR2[0] = 0xFFFE
9:551  0:000  Audio HDA (addr:0x30000) setting specified layout-id=11 (0xB)
9:551  0:000  USBADR[0] = 0x140000 and PCIe = 0xFFFE
9:551  0:000  Audio HDA (addr:0x1B0000) setting specified layout-id=11 (0xB)
9:551  0:000  Found Airport Atheros at 0x1C0003, 0x0, DeviceID=0x0036
9:551  0:000  USBADR[1] = 0x1D0000 and PCIe = 0xFFFE
9:551  0:000  Patching DSDT:
9:551  0:000   - [change OSID to XSID (to avoid match against _OSI XOSI patch)]: disabled
9:551  0:000   - [change _OSI to XOSI]: disabled
9:551  0:000   - [change _DSM to XDSM]: disabled
9:551  0:000   - [change EC0 to EC]: disabled
9:551  0:000   - [change H_EC to EC]: disabled
9:551  0:000   - [change EHC1 to EH01]: pattern 45484331, bin not found / already patched!
9:551  0:000   - [change EHC2 to EH02]: pattern 45484332, bin not found / already patched!
9:551  0:000   - [change GFX0 to IGPU]: pattern 47465830, patched at: [ (6A66) (11) (14) (12C2) (17) (17) (14) (28FC) (12) (C02) (30) (16B) (373) (895) (453) (14) (4B61) (D) (10) (14) (7F) (D) (10) (14) (72) (D) (D) (2D) (8) (1C8B) (1D) (25) (16) (16) (1D) (16) (16) (1E) (1D) (25) (1D) (25) (1D) (25) (1D) (25) (1D) (25) (1D) (162) (6C7) (C) (21) (20) (C) (21) (20) (C) (21) (20) (C) (21) (20) (C) (21) (20) (C) (21) (20) (C) (21) (20) (C) (21) (20) (C) (21) (20) (C) (21) (20) (C) (21) (20) (C) (21) (20) (C) (21) (20) (C) (21) (20) (C) (21) (20) (C) (21) ]
9:551  0:000   - [change GFX0 to IGPU]: pattern 47465830, bin not found / already patched!
9:551  0:000   - [change PCI0.VID to IGPU #1 (Thinkpad)]: pattern 50434930, bin not found / already patched!
9:551  0:000   - [change PCI0.VID to IGPU #2 (Thinkpad)]: pattern 5649445F, bin not found / already patched!
9:551  0:000   - [change B0D3 to HDAU]: pattern 42304433, patched at: [ (69AE) (1D) (17) (F) (E2B) (2D48) (9) (8) (8) (8) (8) ]
9:551  0:000    0 replacements
9:551  0:000  first CPU found at BB9C offset BBA0
9:551  0:000  score candidate at BB98
9:551  0:000  score inserted in acpi_cpu_score _PR_
9:551  0:000  Found ACPI CPU: CPU0 | CPU1 | CPU2 | CPU3 | CPU4 | CPU5 | CPU6 | CPU7 , within the score: _PR_
9:579  0:027  DSDT saved to EFI\CLOVER\ACPI\origin\DSDT-20000000.aml
10:292  0:713  DSDT found in Clover volume OEM folder: EFI\CLOVER\ACPI\patched\DSDT.aml
10:293  0:000  === [ FixBiosDsdt ] =======================================
10:293  0:000  VideoCard devID=0x4168086
10:293  0:000  DisplayADR1[0] = 0x20000, DisplayADR2[0] = 0xFFFE
10:293  0:000  Audio HDA (addr:0x30000) setting specified layout-id=11 (0xB)
10:293  0:000  USBADR[0] = 0x140000 and PCIe = 0xFFFE
10:293  0:000  Audio HDA (addr:0x1B0000) setting specified layout-id=11 (0xB)
10:293  0:000  Found Airport Atheros at 0x1C0003, 0x0, DeviceID=0x0036
10:293  0:000  USBADR[1] = 0x1D0000 and PCIe = 0xFFFE
10:293  0:000  Patching DSDT:
10:293  0:000   - [change OSID to XSID (to avoid match against _OSI XOSI patch)]: disabled
10:293  0:000   - [change _OSI to XOSI]: disabled
10:293  0:000   - [change _DSM to XDSM]: disabled
10:293  0:000   - [change EC0 to EC]: disabled
10:293  0:000   - [change H_EC to EC]: disabled
10:293  0:000   - [change EHC1 to EH01]: pattern 45484331, bin not found / already patched!
10:293  0:000   - [change EHC2 to EH02]: pattern 45484332, bin not found / already patched!
10:293  0:000   - [change GFX0 to IGPU]: pattern 47465830, patched at: [ (6A66) (11) (14) (12C2) (17) (17) (14) (28FC) (12) (C02) (30) (16B) (373) (895) (453) (14) (4B61) (D) (10) (14) (7F) (D) (10) (14) (72) (D) (D) (2D) (8) (1C8B) (1D) (25) (16) (16) (1D) (16) (16) (1E) (1D) (25) (1D) (25) (1D) (25) (1D) (25) (1D) (25) (1D) (162) (6C7) (C) (21) (20) (C) (21) (20) (C) (21) (20) (C) (21) (20) (C) (21) (20) (C) (21) (20) (C) (21) (20) (C) (21) (20) (C) (21) (20) (C) (21) (20) (C) (21) (20) (C) (21) (20) (C) (21) (20) (C) (21) (20) (C) (21) (20) (C) (21) ]
10:293  0:000   - [change GFX0 to IGPU]: pattern 47465830, bin not found / already patched!
10:293  0:000   - [change PCI0.VID to IGPU #1 (Thinkpad)]: pattern 50434930, bin not found / already patched!
10:294  0:000   - [change PCI0.VID to IGPU #2 (Thinkpad)]: pattern 5649445F, bin not found / already patched!
10:294  0:000   - [change B0D3 to HDAU]: pattern 42304433, patched at: [ (69AE) (1D) (17) (F) (E2B) (2D48) (9) (8) (8) (8) (8) ]
10:294  0:000    0 replacements
10:294  0:000  first CPU found at BB9C offset BBA0
10:294  0:000  score candidate at BB98
10:294  0:000  score inserted in acpi_cpu_score _PR_
10:294  0:000  Found ACPI CPU: CPU0 | CPU1 | CPU2 | CPU3 | CPU4 | CPU5 | CPU6 | CPU7 , within the score: _PR_
10:300  0:006  DSDT saved to EFI\CLOVER\ACPI\origin\DSDT-20000000.aml
11:175  0:875  Found UEFI Acpi 2.0 RSDP at 9AFFE014
11:175  0:000  Saving ACPI tables from RSDP 9AFFE014 to EFI\CLOVER\ACPI\origin ...
11:175  0:000   9AFFE014: 'RSD PTR ', Rev: 2 (Acpi 2.0 or newer), Len: 36 -> RSDP.aml
11:178  0:002    (Xsdt: 9AFFE210, Rsdt: 9AFFE124)
11:178  0:000    9AFFE210: 'XSDT', 'ACRPRDCT', Rev: 1, Len: 180 -> XSDT.aml
11:180  0:002    9AFFE124: 'RSDT', 'ACRPRDCT', Rev: 1, Len: 108 -> RSDT.aml
11:183  0:002    Tables in Xsdt: 18
11:183  0:000    0. 9AFF8000: 'FACP', 'ACRPRDCT', Rev: 5, Len: 268 -> FACP.aml
11:185  0:002        (Dsdt: 9AFE7000, Facs: 9AFB9000, XDsdt: 9AFE7000, XFacs: 0)
11:185  0:000        9AFE7000: 'DSDT', 'ACRPRDCT', Rev: 2, Len: 56983 -> DSDT.aml
11:243  0:057        9AFB9000: 'FACS', Ver: 2, Len: 64 -> FACS.aml
11:245  0:002    1. 9AFFD000: 'UEFI', 'ACRPRDCT', Rev: 1, Len: 566 -> UEFI.aml
11:248  0:002    2. 9AFFB000: 'FPDT', 'ACRPRDCT', Rev: 1, Len: 68 -> FPDT.aml
11:250  0:002    3. 9AFFA000: 'MSDM', 'ACRPRDCT', Rev: 3, Len: 85 -> MSDM.aml
11:252  0:002    4. 9AFF9000: 'ASF!', 'ACRPRDCT', Rev: 32, Len: 165 -> ASF!.aml
11:254  0:002    5. 9AFF7000: 'HPET', 'ACRPRDCT', Rev: 1, Len: 56 -> HPET.aml
11:256  0:002    6. 9AFF6000: 'APIC', 'ACRPRDCT', Rev: 3, Len: 140 -> APIC.aml
11:258  0:002    7. 9AFF5000: 'MCFG', 'ACRPRDCT', Rev: 1, Len: 60 -> MCFG.aml
11:261  0:002    8. 9AFE4000: 'SSDT', 'ACRPRDCT', Rev: 1, Len: 8232 -> SSDT-0-ACRPRDCT.aml
11:263  0:002    9. 9AFE2000: 'BOOT', 'ACRPRDCT', Rev: 1, Len: 40 -> BOOT.aml
11:265  0:002    10. 9AFE1000: 'LPIT', 'ACRPRDCT', Rev: 1, Len: 148 -> LPIT.aml
11:269  0:003    11. 9AFDF000: 'ASPT', 'ACRPRDCT', Rev: 7, Len: 52 -> ASPT.aml
11:272  0:002    12. 9AFDE000: 'DBGP', 'ACRPRDCT', Rev: 1, Len: 52 -> DBGP.aml
11:274  0:002    13. 9AFDD000: 'SSDT', 'ACRPRDCT', Rev: 1, Len: 1337 -> SSDT-1-ACRPRDCT.aml
11:277  0:003    14. 9AFDC000: 'SSDT', 'ACRPRDCT', Rev: 1, Len: 2776 -> SSDT-2-ACRPRDCT.aml (Found hidden SSDT 4 pcs)
11:280  0:002        * 98521A98: '', '', Rev: 0, Len: 0  00 00 00 00 00 00 00 00 00 00 00 00 00 00 00 00 
11:280  0:000        * 9ADE5618: 'SSDT', 'ApIst', Rev: 1, Len: 1450  53 53 44 54 AA 05 00 00 01 C4 50 6D 52 65 66 00 Internal length = 1450 -> SSDT-x2_0-ApIst.aml
11:283  0:002        * 9ADE4A18: 'SSDT', 'Cpu0Cst', Rev: 1, Len: 1125  53 53 44 54 65 04 00 00 01 3D 50 6D 52 65 66 00 Internal length = 1125 -> SSDT-x2_1-Cpu0Cst.aml
11:285  0:002        * 9ADE3D98: 'SSDT', 'ApCst', Rev: 1, Len: 281  53 53 44 54 19 01 00 00 01 E0 50 6D 52 65 66 00 Internal length = 281 -> SSDT-x2_2-ApCst.aml
11:289  0:003  
11:289  0:000    15. 9AFD8000: 'SSDT', 'ACRPRDCT', Rev: 1, Len: 15244 -> SSDT-3-ACRPRDCT.aml
11:292  0:002    16. 9AFD3000: 'SSDT', 'ACRPRDCT', Rev: 1, Len: 14536 -> SSDT-4-ACRPRDCT.aml
11:311  0:018    17. 9AFD7000: 'BGRT', 'ACRPRDCT', Rev: 1, Len: 56 -> BGRT.aml
11:313  0:002    Tables in Rsdt: 18
11:313  0:000    0. 9AFF8000: 'FACP', 'ACRPRDCT', Rev: 5, Len: 268
11:313  0:000        (Dsdt: 9AFE7000, Facs: 9AFB9000, XDsdt: 9AFE7000, XFacs: 0)
11:313  0:000        9AFE7000: 'DSDT', 'ACRPRDCT', Rev: 2, Len: 56983
11:314  0:000        9AFB9000: 'FACS', Ver: 2, Len: 64
11:314  0:000    1. 9AFFD000: 'UEFI', 'ACRPRDCT', Rev: 1, Len: 566
11:314  0:000    2. 9AFFB000: 'FPDT', 'ACRPRDCT', Rev: 1, Len: 68
11:314  0:000    3. 9AFFA000: 'MSDM', 'ACRPRDCT', Rev: 3, Len: 85
11:314  0:000    4. 9AFF9000: 'ASF!', 'ACRPRDCT', Rev: 32, Len: 165
11:314  0:000    5. 9AFF7000: 'HPET', 'ACRPRDCT', Rev: 1, Len: 56
11:314  0:000    6. 9AFF6000: 'APIC', 'ACRPRDCT', Rev: 3, Len: 140
11:314  0:000    7. 9AFF5000: 'MCFG', 'ACRPRDCT', Rev: 1, Len: 60
11:314  0:000    8. 9AFE4000: 'SSDT', 'ACRPRDCT', Rev: 1, Len: 8232
11:314  0:000    9. 9AFE2000: 'BOOT', 'ACRPRDCT', Rev: 1, Len: 40
11:314  0:000    10. 9AFE1000: 'LPIT', 'ACRPRDCT', Rev: 1, Len: 148
11:314  0:000    11. 9AFDF000: 'ASPT', 'ACRPRDCT', Rev: 7, Len: 52
11:314  0:000    12. 9AFDE000: 'DBGP', 'ACRPRDCT', Rev: 1, Len: 52
11:314  0:000    13. 9AFDD000: 'SSDT', 'ACRPRDCT', Rev: 1, Len: 1337
11:314  0:000    14. 9AFDC000: 'SSDT', 'ACRPRDCT', Rev: 1, Len: 2776
11:314  0:000    15. 9AFD8000: 'SSDT', 'ACRPRDCT', Rev: 1, Len: 15244
11:314  0:000    16. 9AFD3000: 'SSDT', 'ACRPRDCT', Rev: 1, Len: 14536
11:314  0:000    17. 9AFD7000: 'BGRT', 'ACRPRDCT', Rev: 1, Len: 56
11:314  0:000  Found UEFI Acpi 1.0 RSDP at 9AFFE000
11:314  0:000  Printing ACPI tables from RSDP 9AFFE000 ...
11:314  0:000   9AFFE000: 'RSD PTR ', Rev: 0 (Acpi 1.0), Len: 20
11:314  0:000    (Rsdt: 9AFFE038)
11:314  0:000    9AFFE038: 'RSDT', 'ACRPRDCT', Rev: 1, Len: 108
11:314  0:000    Tables in Rsdt: 18
11:314  0:000    0. 9AFF8000: 'FACP', 'ACRPRDCT', Rev: 5, Len: 268
11:314  0:000        (Dsdt: 9AFE7000, Facs: 9AFB9000, XDsdt: 9AFE7000, XFacs: 0)
11:314  0:000        9AFE7000: 'DSDT', 'ACRPRDCT', Rev: 2, Len: 56983
11:315  0:000        9AFB9000: 'FACS', Ver: 2, Len: 64
11:315  0:000    1. 9AFFD000: 'UEFI', 'ACRPRDCT', Rev: 1, Len: 566
11:315  0:000    2. 9AFFB000: 'FPDT', 'ACRPRDCT', Rev: 1, Len: 68
11:315  0:000    3. 9AFFA000: 'MSDM', 'ACRPRDCT', Rev: 3, Len: 85
11:315  0:000    4. 9AFF9000: 'ASF!', 'ACRPRDCT', Rev: 32, Len: 165
11:315  0:000    5. 9AFF7000: 'HPET', 'ACRPRDCT', Rev: 1, Len: 56
11:315  0:000    6. 9AFF6000: 'APIC', 'ACRPRDCT', Rev: 3, Len: 140
11:315  0:000    7. 9AFF5000: 'MCFG', 'ACRPRDCT', Rev: 1, Len: 60
11:315  0:000    8. 9AFE4000: 'SSDT', 'ACRPRDCT', Rev: 1, Len: 8232
11:315  0:000    9. 9AFE2000: 'BOOT', 'ACRPRDCT', Rev: 1, Len: 40
11:315  0:000    10. 9AFE1000: 'LPIT', 'ACRPRDCT', Rev: 1, Len: 148
11:315  0:000    11. 9AFDF000: 'ASPT', 'ACRPRDCT', Rev: 7, Len: 52
11:315  0:000    12. 9AFDE000: 'DBGP', 'ACRPRDCT', Rev: 1, Len: 52
11:315  0:000    13. 9AFDD000: 'SSDT', 'ACRPRDCT', Rev: 1, Len: 1337
11:315  0:000    14. 9AFDC000: 'SSDT', 'ACRPRDCT', Rev: 1, Len: 2776
11:315  0:000    15. 9AFD8000: 'SSDT', 'ACRPRDCT', Rev: 1, Len: 15244
11:315  0:000    16. 9AFD3000: 'SSDT', 'ACRPRDCT', Rev: 1, Len: 14536
11:315  0:000    17. 9AFD7000: 'BGRT', 'ACRPRDCT', Rev: 1, Len: 56
14:127  2:812  Found UEFI Acpi 2.0 RSDP at 9AFFE014
14:127  0:000  Saving ACPI tables from RSDP 9AFFE014 to EFI\CLOVER\ACPI\origin ...
14:127  0:000   9AFFE014: 'RSD PTR ', Rev: 2 (Acpi 2.0 or newer), Len: 36
14:127  0:000    (Xsdt: 9AFFE210, Rsdt: 9AFFE124)
14:127  0:000    9AFFE210: 'XSDT', 'ACRPRDCT', Rev: 1, Len: 180
14:127  0:000    9AFFE124: 'RSDT', 'ACRPRDCT', Rev: 1, Len: 108
14:127  0:000    Tables in Xsdt: 18
14:127  0:000    0. 9AFF8000: 'FACP', 'ACRPRDCT', Rev: 5, Len: 268
14:127  0:000        (Dsdt: 9AFE7000, Facs: 9AFB9000, XDsdt: 9AFE7000, XFacs: 0)
14:128  0:000        9AFE7000: 'DSDT', 'ACRPRDCT', Rev: 2, Len: 56983
14:128  0:000        9AFB9000: 'FACS', Ver: 2, Len: 64
14:128  0:000    1. 9AFFD000: 'UEFI', 'ACRPRDCT', Rev: 1, Len: 566
14:128  0:000    2. 9AFFB000: 'FPDT', 'ACRPRDCT', Rev: 1, Len: 68
14:128  0:000    3. 9AFFA000: 'MSDM', 'ACRPRDCT', Rev: 3, Len: 85
14:128  0:000    4. 9AFF9000: 'ASF!', 'ACRPRDCT', Rev: 32, Len: 165
14:128  0:000    5. 9AFF7000: 'HPET', 'ACRPRDCT', Rev: 1, Len: 56
14:128  0:000    6. 9AFF6000: 'APIC', 'ACRPRDCT', Rev: 3, Len: 140
14:128  0:000    7. 9AFF5000: 'MCFG', 'ACRPRDCT', Rev: 1, Len: 60
14:128  0:000    8. 9AFE4000: 'SSDT', 'ACRPRDCT', Rev: 1, Len: 8232
14:128  0:000    9. 9AFE2000: 'BOOT', 'ACRPRDCT', Rev: 1, Len: 40
14:128  0:000    10. 9AFE1000: 'LPIT', 'ACRPRDCT', Rev: 1, Len: 148
14:128  0:000    11. 9AFDF000: 'ASPT', 'ACRPRDCT', Rev: 7, Len: 52
14:128  0:000    12. 9AFDE000: 'DBGP', 'ACRPRDCT', Rev: 1, Len: 52
14:128  0:000    13. 9AFDD000: 'SSDT', 'ACRPRDCT', Rev: 1, Len: 1337
14:128  0:000    14. 9AFDC000: 'SSDT', 'ACRPRDCT', Rev: 1, Len: 2776
14:128  0:000    15. 9AFD8000: 'SSDT', 'ACRPRDCT', Rev: 1, Len: 15244
14:128  0:000    16. 9AFD3000: 'SSDT', 'ACRPRDCT', Rev: 1, Len: 14536
14:128  0:000    17. 9AFD7000: 'BGRT', 'ACRPRDCT', Rev: 1, Len: 56
14:128  0:000    Tables in Rsdt: 18
14:128  0:000    0. 9AFF8000: 'FACP', 'ACRPRDCT', Rev: 5, Len: 268
14:128  0:000        (Dsdt: 9AFE7000, Facs: 9AFB9000, XDsdt: 9AFE7000, XFacs: 0)
14:128  0:000        9AFE7000: 'DSDT', 'ACRPRDCT', Rev: 2, Len: 56983
14:129  0:000        9AFB9000: 'FACS', Ver: 2, Len: 64
14:129  0:000    1. 9AFFD000: 'UEFI', 'ACRPRDCT', Rev: 1, Len: 566
14:129  0:000    2. 9AFFB000: 'FPDT', 'ACRPRDCT', Rev: 1, Len: 68
14:129  0:000    3. 9AFFA000: 'MSDM', 'ACRPRDCT', Rev: 3, Len: 85
14:129  0:000    4. 9AFF9000: 'ASF!', 'ACRPRDCT', Rev: 32, Len: 165
14:129  0:000    5. 9AFF7000: 'HPET', 'ACRPRDCT', Rev: 1, Len: 56
14:129  0:000    6. 9AFF6000: 'APIC', 'ACRPRDCT', Rev: 3, Len: 140
14:129  0:000    7. 9AFF5000: 'MCFG', 'ACRPRDCT', Rev: 1, Len: 60
14:129  0:000    8. 9AFE4000: 'SSDT', 'ACRPRDCT', Rev: 1, Len: 8232
14:129  0:000    9. 9AFE2000: 'BOOT', 'ACRPRDCT', Rev: 1, Len: 40
14:129  0:000    10. 9AFE1000: 'LPIT', 'ACRPRDCT', Rev: 1, Len: 148
14:129  0:000    11. 9AFDF000: 'ASPT', 'ACRPRDCT', Rev: 7, Len: 52
14:129  0:000    12. 9AFDE000: 'DBGP', 'ACRPRDCT', Rev: 1, Len: 52
14:129  0:000    13. 9AFDD000: 'SSDT', 'ACRPRDCT', Rev: 1, Len: 1337
14:129  0:000    14. 9AFDC000: 'SSDT', 'ACRPRDCT', Rev: 1, Len: 2776
14:129  0:000    15. 9AFD8000: 'SSDT', 'ACRPRDCT', Rev: 1, Len: 15244
14:129  0:000    16. 9AFD3000: 'SSDT', 'ACRPRDCT', Rev: 1, Len: 14536
14:129  0:000    17. 9AFD7000: 'BGRT', 'ACRPRDCT', Rev: 1, Len: 56
14:129  0:000  Found UEFI Acpi 1.0 RSDP at 9AFFE000
14:129  0:000  Printing ACPI tables from RSDP 9AFFE000 ...
14:129  0:000   9AFFE000: 'RSD PTR ', Rev: 0 (Acpi 1.0), Len: 20
14:129  0:000    (Rsdt: 9AFFE038)
14:129  0:000    9AFFE038: 'RSDT', 'ACRPRDCT', Rev: 1, Len: 108
14:129  0:000    Tables in Rsdt: 18
14:129  0:000    0. 9AFF8000: 'FACP', 'ACRPRDCT', Rev: 5, Len: 268
14:129  0:000        (Dsdt: 9AFE7000, Facs: 9AFB9000, XDsdt: 9AFE7000, XFacs: 0)
14:129  0:000        9AFE7000: 'DSDT', 'ACRPRDCT', Rev: 2, Len: 56983
14:130  0:000        9AFB9000: 'FACS', Ver: 2, Len: 64
14:130  0:000    1. 9AFFD000: 'UEFI', 'ACRPRDCT', Rev: 1, Len: 566
14:130  0:000    2. 9AFFB000: 'FPDT', 'ACRPRDCT', Rev: 1, Len: 68
14:130  0:000    3. 9AFFA000: 'MSDM', 'ACRPRDCT', Rev: 3, Len: 85
14:130  0:000    4. 9AFF9000: 'ASF!', 'ACRPRDCT', Rev: 32, Len: 165
14:130  0:000    5. 9AFF7000: 'HPET', 'ACRPRDCT', Rev: 1, Len: 56
14:130  0:000    6. 9AFF6000: 'APIC', 'ACRPRDCT', Rev: 3, Len: 140
14:130  0:000    7. 9AFF5000: 'MCFG', 'ACRPRDCT', Rev: 1, Len: 60
14:130  0:000    8. 9AFE4000: 'SSDT', 'ACRPRDCT', Rev: 1, Len: 8232
14:130  0:000    9. 9AFE2000: 'BOOT', 'ACRPRDCT', Rev: 1, Len: 40
14:130  0:000    10. 9AFE1000: 'LPIT', 'ACRPRDCT', Rev: 1, Len: 148
14:130  0:000    11. 9AFDF000: 'ASPT', 'ACRPRDCT', Rev: 7, Len: 52
14:130  0:000    12. 9AFDE000: 'DBGP', 'ACRPRDCT', Rev: 1, Len: 52
14:130  0:000    13. 9AFDD000: 'SSDT', 'ACRPRDCT', Rev: 1, Len: 1337
14:130  0:000    14. 9AFDC000: 'SSDT', 'ACRPRDCT', Rev: 1, Len: 2776
14:130  0:000    15. 9AFD8000: 'SSDT', 'ACRPRDCT', Rev: 1, Len: 15244
14:130  0:000    16. 9AFD3000: 'SSDT', 'ACRPRDCT', Rev: 1, Len: 14536
14:130  0:000    17. 9AFD7000: 'BGRT', 'ACRPRDCT', Rev: 1, Len: 56
14:583  0:452  DSDT found in Clover volume OEM folder: EFI\CLOVER\ACPI\patched\DSDT.aml
14:584  0:000  === [ FixBiosDsdt ] =======================================
14:584  0:000  VideoCard devID=0x4168086
14:584  0:000  DisplayADR1[0] = 0x20000, DisplayADR2[0] = 0xFFFE
14:584  0:000  Audio HDA (addr:0x30000) setting specified layout-id=11 (0xB)
14:584  0:000  USBADR[0] = 0x140000 and PCIe = 0xFFFE
14:584  0:000  Audio HDA (addr:0x1B0000) setting specified layout-id=11 (0xB)
14:584  0:000  Found Airport Atheros at 0x1C0003, 0x0, DeviceID=0x0036
14:584  0:000  USBADR[1] = 0x1D0000 and PCIe = 0xFFFE
14:584  0:000  Patching DSDT:
14:584  0:000   - [change OSID to XSID (to avoid match against _OSI XOSI patch)]: disabled
14:584  0:000   - [change _OSI to XOSI]: disabled
14:584  0:000   - [change _DSM to XDSM]: disabled
14:584  0:000   - [change EC0 to EC]: disabled
14:584  0:000   - [change H_EC to EC]: disabled
14:584  0:000   - [change EHC1 to EH01]: pattern 45484331, bin not found / already patched!
14:584  0:000   - [change EHC2 to EH02]: pattern 45484332, bin not found / already patched!
14:584  0:000   - [change GFX0 to IGPU]: pattern 47465830, patched at: [ (6A66) (11) (14) (12C2) (17) (17) (14) (28FC) (12) (C02) (30) (16B) (373) (895) (453) (14) (4B61) (D) (10) (14) (7F) (D) (10) (14) (72) (D) (D) (2D) (8) (1C8B) (1D) (25) (16) (16) (1D) (16) (16) (1E) (1D) (25) (1D) (25) (1D) (25) (1D) (25) (1D) (25) (1D) (162) (6C7) (C) (21) (20) (C) (21) (20) (C) (21) (20) (C) (21) (20) (C) (21) (20) (C) (21) (20) (C) (21) (20) (C) (21) (20) (C) (21) (20) (C) (21) (20) (C) (21) (20) (C) (21) (20) (C) (21) (20) (C) (21) (20) (C) (21) (20) (C) (21) ]
14:584  0:000   - [change GFX0 to IGPU]: pattern 47465830, bin not found / already patched!
14:584  0:000   - [change PCI0.VID to IGPU #1 (Thinkpad)]: pattern 50434930, bin not found / already patched!
14:585  0:000   - [change PCI0.VID to IGPU #2 (Thinkpad)]: pattern 5649445F, bin not found / already patched!
14:585  0:000   - [change B0D3 to HDAU]: pattern 42304433, patched at: [ (69AE) (1D) (17) (F) (E2B) (2D48) (9) (8) (8) (8) (8) ]
14:585  0:000    0 replacements
14:585  0:000  first CPU found at BB9C offset BBA0
14:585  0:000  score candidate at BB98
14:585  0:000  score inserted in acpi_cpu_score _PR_
14:585  0:000  Found ACPI CPU: CPU0 | CPU1 | CPU2 | CPU3 | CPU4 | CPU5 | CPU6 | CPU7 , within the score: _PR_
14:647  0:062  DSDT saved to EFI\CLOVER\ACPI\origin\DSDT-20000000.aml
19:249  4:601  ReinitSelfLib after theme change
19:249  0:000  reinit: self device path=PciRoot(0x0)\Pci(0x1F,0x2)\Sata(0x4,0x0,0x0)\HD(2,GPT,12CB1BEC-C20F-4ED3-9A13-7F8AFA15B277,0x12C800,0x96000)
19:249  0:000  === [ ScanVolumes ] =======================================
19:249  0:000  Found 9 volumes with blockIO
19:249  0:000  - [00]: Volume: PciRoot(0x0)\Pci(0x1F,0x2)\Sata(0x4,0x0,0x0)
19:309  0:059  - [01]: Volume: PciRoot(0x0)\Pci(0x1F,0x2)\Sata(0x4,0x0,0x0)\HD(1,GPT,243B09C9-DDF4-4EC1-AA0E-89C60AA72885,0x800,0x12C000)
19:316  0:007          Result of bootcode detection: bootable Windows (vista,win)
19:316  0:000  - [02]: Volume: PciRoot(0x0)\Pci(0x1F,0x2)\Sata(0x4,0x0,0x0)\HD(2,GPT,12CB1BEC-C20F-4ED3-9A13-7F8AFA15B277,0x12C800,0x96000)
19:319  0:002          Result of bootcode detection: bootable Windows (vista,win)
19:319  0:000          This is SelfVolume !!
19:319  0:000  - [03]: Volume: PciRoot(0x0)\Pci(0x1F,0x2)\Sata(0x4,0x0,0x0)\HD(3,GPT,20D75852-2DDD-4E07-AAF0-71999F1E04F7,0x1C2800,0x40000)
19:321  0:002  - [04]: Volume: PciRoot(0x0)\Pci(0x1F,0x2)\Sata(0x4,0x0,0x0)\HD(4,GPT,B0B57385-B493-4922-86D1-A624FC8168B2,0x202800,0x13A66800)
19:329  0:007          Result of bootcode detection: bootable Windows (vista,win)
19:329  0:000  - [05]: Volume: PciRoot(0x0)\Pci(0x1F,0x2)\Sata(0x4,0x0,0x0)\HD(5,GPT,138F3D5B-F8E3-4BC1-84C0-B82D7F0905CD,0x13C69000,0x18807000)
19:347  0:018          Result of bootcode detection: bootable Windows (win)
19:347  0:000  - [06]: Volume: PciRoot(0x0)\Pci(0x1F,0x2)\Sata(0x4,0x0,0x0)\HD(6,GPT,5EF5E871-50BF-4F32-83ED-865B55771176,0x2C470000,0x27C0E800)
19:360  0:013          Result of bootcode detection: bootable Windows (vista,win)
19:360  0:000  - [07]: Volume: PciRoot(0x0)\Pci(0x1F,0x2)\Sata(0x4,0x0,0x0)\HD(7,GPT,DE458828-389D-42F6-9F67-29144802C5D2,0x5407F000,0x20551E68)
19:373  0:012  - [08]: Volume: PciRoot(0x0)\Pci(0x1F,0x2)\Sata(0x4,0x0,0x0)\HD(8,GPT,62B728EF-28C2-41DC-B34C-7F165BEA25B5,0x745D0E68,0x135F20)
19:389  0:016  Chosen embedded theme
19:389  0:000  after NVRAM boot-args=-ath9565 dart=0 npci=0x2000 nv_disable=1 kext-dev-mode=1
19:389  0:000  === [ AddCustomEntries ] ==================================
19:389  0:000  Custom entry 0 skipped because it is disabled.
19:389  0:000  === [ ScanLoader ] ========================================
19:389  0:000  - [02]: 'ESP'
19:389  0:000          AddLoaderEntry for Volume Name=ESP
19:389  0:000      Not match custom entry 0: Type: not match
19:389  0:000          AddLoaderEntry for Volume Name=ESP
19:389  0:000      Skipped because matching custom entry 0!
19:389  0:000  - [04]: 'ACER'
19:393  0:003  - [05]: 'SYS'
19:427  0:034  - [06]: 'DATA'
19:458  0:031  - [07]: 'MACOS'
19:459  0:000          AddLoaderEntry for Volume Name=MACOS
19:459  0:000      Not match custom entry 0: Type: not match
19:460  0:000      hibernated: set as never
19:461  0:001  - [08]: 'Recovery HD'
19:487  0:026          AddLoaderEntry for Volume Name=Recovery HD
19:487  0:000      Not match custom entry 0: Type: not match
19:511  0:024  === [ AddCustomTool ] =====================================
19:511  0:000  found tool \EFI\CLOVER\tools\Shell64U.efi
19:511  0:000  Checking EFI partition Volume 2 for Clover
19:511  0:000   Found Clover
19:511  0:000  === [ GetEfiBootDeviceFromNvram ] =========================
19:511  0:000  === [ FindStartupDiskVolume ] =============================
19:511  0:000    - Volume: partition = PciRoot(0x0)\Pci(0x1F,0x2)\Sata(0x4,0x0,0x0)\HD(7,GPT,DE458828-389D-42F6-9F67-29144802C5D2,0x5407F000,0x20551E68)
19:511  0:000     - searching for that partition
19:511  0:000      - found entry 1. 'Boot macOS from MACOS', Volume 'MACOS'
19:511  0:000  Boot redirected to Entry 1. 'Boot macOS from MACOS'
19:511  0:000  DefaultIndex=1 and MainMenu.EntryCount=9
22:139  2:627  BootVariable of the entry is empty
22:139  0:000  === [ StartLoader ] =======================================
22:139  0:000  Finally: ExternalClock=25MHz BusSpeed=99769kHz CPUFreq=2594MHz PIS: hw.busfrequency=100000000Hz
22:139  0:000  Loading boot.efi  status=Success
22:235  0:095  GetOSVersion: 10.13.6 (17G4015)
22:235  0:000  CSR_CFG: CSR_ALLOW_UNTRUSTED_KEXTS | CSR_ALLOW_UNRESTRICTED_FS | CSR_ALLOW_TASK_FOR_PID | CSR_ALLOW_UNRESTRICTED_DTRACE | CSR_ALLOW_UNRESTRICTED_NVRAM
22:235  0:000  Filtering KextPatches:
22:235  0:000   - [00]: com.apple.driver.usb.AppleUSBXHCI (disable port limit in XHCI kext (credit RehabMan, based prior PMHeart patch)) :: BinPatch :: [OS: 10.13.6 | MatchOS: 10.13.6 | MatchBuild: All] ==> allowed
22:235  0:000   - [01]: com.apple.driver.AppleIntelFramebufferAzul (Enable 9MB cursor bytes, 0x0a260006) :: BinPatch :: [OS: 10.13.6 | MatchOS: All | MatchBuild: All] ==> allowed
22:235  0:000   - [02]: com.apple.driver.AppleIntelFramebufferAzul (Enable 96MB DVMT-prealloc, 0x0a2e0008) :: BinPatch :: [OS: 10.13.6 | MatchOS: All | MatchBuild: All] ==> disabled by user
22:235  0:000   - [03]: com.apple.driver.AppleIntelFramebufferAzul (Enable 128MB DVMT-prealloc, 0x0a2e0008) :: BinPatch :: [OS: 10.13.6 | MatchOS: All | MatchBuild: All] ==> disabled by user
22:235  0:000   - [04]: com.apple.driver.AppleIntelFramebufferAzul (Enable 128MB DVMT-prealloc, 48MB framebuffer, 48MB cursor bytes, 0x0a260006) :: BinPatch :: [OS: 10.13.6 | MatchOS: All | MatchBuild: All] ==> disabled by user
22:235  0:000   - [05]: com.apple.driver.AppleIntelFramebufferAzul (HDMI-audio, port 0105, 0x0a260005 0x0a260006, 0x0d220003, 0x0a2e000a, 0x0a26000a) :: BinPatch :: [OS: 10.13.6 | MatchOS: All | MatchBuild: All] ==> disabled by user
22:235  0:000   - [06]: com.apple.driver.AppleIntelFramebufferAzul (HDMI-audio, port 0204, 0x0d220003, 0x0a2e000a, 0x0a26000a) :: BinPatch :: [OS: 10.13.6 | MatchOS: All | MatchBuild: All] ==> disabled by user
22:235  0:000   - [07]: com.apple.driver.AppleIntelFramebufferAzul (HDMI-audio, port 0204, 0x0a260005 0x0a260006) :: BinPatch :: [OS: 10.13.6 | MatchOS: All | MatchBuild: All] ==> disabled by user
22:235  0:000   - [08]: com.apple.driver.AppleIntelFramebufferAzul (HDMI-audio, port 0105, 0x0a2e0008, 0x0a16000c, 0x0a2e000d, 0x0a26000d) :: BinPatch :: [OS: 10.13.6 | MatchOS: All | MatchBuild: All] ==> disabled by user
22:235  0:000   - [09]: com.apple.driver.AppleIntelFramebufferAzul (HDMI-audio, port 0204, 0x0a2e0008, 0x0a16000c, 0x0a2e000d, 0x0a26000d) :: BinPatch :: [OS: 10.13.6 | MatchOS: All | MatchBuild: All] ==> disabled by user
22:235  0:000   - [10]: com.apple.driver.AppleIntelFramebufferAzul (HDMI-audio, port 0204, 0x0a2e0008, 0x0a16000c, 0x0a2e000d, 0x0a26000d) :: BinPatch :: [OS: 10.13.6 | MatchOS: 10.12.x | MatchBuild: All] ==> disabled by user
22:235  0:000   - [11]: com.apple.driver.AppleIntelFramebufferAzul (Enable internal display after sleep for 0x0a2e0008, credit syscl/lighting/Yating Zhou) :: BinPatch :: [OS: 10.13.6 | MatchOS: All | MatchBuild: All] ==> disabled by user
22:235  0:000   - [12]: AppleIntelFramebufferAzul (Enable internal display after sleep for 0x0a2e000a, 0x0a26000a) :: BinPatch :: [OS: 10.13.6 | MatchOS: All | MatchBuild: All] ==> disabled by user
22:235  0:000   - [13]: com.apple.driver.AppleIntelFramebufferAzul (HDMI-audio, port 0105(12), 0x0a260005 0x0a260006, 0x0d220003, 0x0a2e000a, 0x0a26000a) :: BinPatch :: [OS: 10.13.6 | MatchOS: All | MatchBuild: All] ==> disabled by user
22:235  0:000   - [14]: com.apple.driver.AppleIntelFramebufferAzul (HDMI-audio, port 0204(12), 0x0d220003, 0x0a2e000a, 0x0a26000a) :: BinPatch :: [OS: 10.13.6 | MatchOS: All | MatchBuild: All] ==> disabled by user
22:235  0:000   - [15]: com.apple.driver.AppleIntelFramebufferAzul (HDMI-audio, port 0204(12), 0x0a260005 0x0a260006) :: BinPatch :: [OS: 10.13.6 | MatchOS: All | MatchBuild: All] ==> disabled by user
22:235  0:000   - [16]: com.apple.driver.AppleIntelFramebufferAzul (HDMI-audio, port 0105(12), 0x0a2e0008, 0x0a16000c, 0x0a2e000d, 0x0a26000d) :: BinPatch :: [OS: 10.13.6 | MatchOS: All | MatchBuild: All] ==> disabled by user
22:235  0:000   - [17]: com.apple.driver.AppleIntelFramebufferAzul (HDMI-audio, port 0204(12), 0x0a2e0008, 0x0a16000c, 0x0a2e000d, 0x0a26000d) :: BinPatch :: [OS: 10.13.6 | MatchOS: All | MatchBuild: All] ==> disabled by user
22:235  0:000   - [18]: com.apple.driver.AppleIntelFramebufferAzul (HDMI-audio, port 0204(12), 0x0a2e0008, 0x0a16000c, 0x0a2e000d, 0x0a26000d) :: BinPatch :: [OS: 10.13.6 | MatchOS: 10.12.x | MatchBuild: All] ==> disabled by user
22:235  0:000   - [19]: IOGraphicsFamily (10.13+-第二阶段花屏) :: BinPatch :: [OS: 10.13.6 | MatchOS:  10.13.x | MatchBuild: All] ==> not allowed
22:235  0:000   - [20]: AppleIntelFramebufferAzul (NoLabel) :: BinPatch :: [OS: 10.13.6 | MatchOS: All | MatchBuild: All] ==> allowed
22:235  0:000  Filtering KernelPatches:
22:235  0:000   - [00]: MSR 0xE2 _xcpm_idle instant reboot(c) Pike R. Alpha :: [OS: 10.13.6 | MatchOS: 10.12.x,10.11.x | MatchBuild: no] ==> not allowed by OS
22:235  0:000  Will not patch boot.efi
22:235  0:000  === [ PatchSmbios ] =======================================
22:235  0:000  insert table 9 for dev 0:1
22:235  0:000  insert table 9 for dev 0:0
22:235  0:000  Trusting SMBIOS...
22:235  0:000  Channels: 1
22:235  0:000  Interleave: 0 1 2 3 4 5 6 7 8 9 10 11 12 13 14 15 16 17 18 19 20 21 22 23
22:235  0:000  SMBIOS Type 17 Index = 0 => 0 0:
22:235  0:000  BANK 0 DIMM0 EMPTY
22:235  0:000  SMBIOS Type 17 Index = 1 => 1 1:
22:235  0:000  BANK 0 DIMM1 EMPTY
22:235  0:000   partNum=ACR16D3LS1KNG/8G  
22:235  0:000  SMBIOS Type 17 Index = 2 => 2 2:
22:235  0:000  BANK 0 DIMM2 1600MHz 8192MB
22:235  0:000  mTotalSystemMemory = 8192
22:235  0:000  NumberOfMemoryDevices = 3
22:235  0:000  Type20[0]->End = 0x7FFFFF, Type17[2] = 0x2000
22:235  0:000  === [ PatchACPI ] =========================================
22:235  0:000  Xsdt reallocation done
22:235  0:000  old FADT length=10C
22:235  0:000   SignatureFixup: 0x0 -> 0x0
22:235  0:000  DSDT found in Clover volume OEM folder: EFI\CLOVER\ACPI\patched\DSDT.aml
22:270  0:034  Apply DsdtFixMask=0x20000000
22:270  0:000     drop _DSM mask=0x0004
22:270  0:000  === [ FixBiosDsdt ] =======================================
22:270  0:000  VideoCard devID=0x4168086
22:270  0:000  DisplayADR1[0] = 0x20000, DisplayADR2[0] = 0xFFFE
22:270  0:000  Audio HDA (addr:0x30000) setting specified layout-id=11 (0xB)
22:270  0:000  USBADR[0] = 0x140000 and PCIe = 0xFFFE
22:270  0:000  Audio HDA (addr:0x1B0000) setting specified layout-id=11 (0xB)
22:270  0:000  Found Airport Atheros at 0x1C0003, 0x0, DeviceID=0x0036
22:270  0:000  USBADR[1] = 0x1D0000 and PCIe = 0xFFFE
22:270  0:000  Patching DSDT:
22:270  0:000   - [change OSID to XSID (to avoid match against _OSI XOSI patch)]: disabled
22:270  0:000   - [change _OSI to XOSI]: disabled
22:270  0:000   - [change _DSM to XDSM]: disabled
22:270  0:000   - [change EC0 to EC]: disabled
22:270  0:000   - [change H_EC to EC]: disabled
22:270  0:000   - [change EHC1 to EH01]: pattern 45484331, bin not found / already patched!
22:270  0:000   - [change EHC2 to EH02]: pattern 45484332, bin not found / already patched!
22:270  0:000   - [change GFX0 to IGPU]: pattern 47465830, patched at: [ (6A66) (11) (14) (12C2) (17) (17) (14) (28FC) (12) (C02) (30) (16B) (373) (895) (453) (14) (4B61) (D) (10) (14) (7F) (D) (10) (14) (72) (D) (D) (2D) (8) (1C8B) (1D) (25) (16) (16) (1D) (16) (16) (1E) (1D) (25) (1D) (25) (1D) (25) (1D) (25) (1D) (25) (1D) (162) (6C7) (C) (21) (20) (C) (21) (20) (C) (21) (20) (C) (21) (20) (C) (21) (20) (C) (21) (20) (C) (21) (20) (C) (21) (20) (C) (21) (20) (C) (21) (20) (C) (21) (20) (C) (21) (20) (C) (21) (20) (C) (21) (20) (C) (21) (20) (C) (21) ]
22:271  0:000   - [change GFX0 to IGPU]: pattern 47465830, bin not found / already patched!
22:271  0:000   - [change PCI0.VID to IGPU #1 (Thinkpad)]: pattern 50434930, bin not found / already patched!
22:271  0:000   - [change PCI0.VID to IGPU #2 (Thinkpad)]: pattern 5649445F, bin not found / already patched!
22:271  0:000   - [change B0D3 to HDAU]: pattern 42304433, patched at: [ (69AE) (1D) (17) (F) (E2B) (2D48) (9) (8) (8) (8) (8) ]
22:271  0:000    0 replacements
22:271  0:000  first CPU found at BB9C offset BBA0
22:271  0:000  score candidate at BB98
22:271  0:000  score inserted in acpi_cpu_score _PR_
22:271  0:000  Found ACPI CPU: CPU0 | CPU1 | CPU2 | CPU3 | CPU4 | CPU5 | CPU6 | CPU7 , within the score: _PR_
22:271  0:000  PreCleanup XSDT: count=18, length=180
22:271  0:000  PreCleanup XSDT, corrected XSDT: count=18, length=180
22:271  0:000  === [ ACPIDropTables ] ====================================
22:271  0:000  0. [change OSID to XSID (to avoid match against _OSI XOSI patch)]: disabled
22:271  0:000  1. [change _OSI to XOSI]: disabled
22:271  0:000  2. [change _DSM to XDSM]: disabled
22:271  0:000  3. [change EC0 to EC]: disabled
22:271  0:000  4. [change H_EC to EC]: disabled
22:271  0:000  5. [change EHC1 to EH01]: pattern 45484331, bin not found / already patched!
22:271  0:000  6. [change EHC2 to EH02]: pattern 45484332, bin not found / already patched!
22:271  0:000  7. [change GFX0 to IGPU]: pattern 47465830, bin not found / already patched!
22:271  0:000  8. [change GFX0 to IGPU]: pattern 47465830, bin not found / already patched!
22:271  0:000  9. [change PCI0.VID to IGPU #1 (Thinkpad)]: pattern 50434930, bin not found / already patched!
22:271  0:000  10. [change PCI0.VID to IGPU #2 (Thinkpad)]: pattern 5649445F, bin not found / already patched!
22:271  0:000  11. [change B0D3 to HDAU]: pattern 42304433, bin not found / already patched!
22:271  0:000    0 replacements
22:271  0:000  0. [change OSID to XSID (to avoid match against _OSI XOSI patch)]: disabled
22:271  0:000  1. [change _OSI to XOSI]: disabled
22:271  0:000  2. [change _DSM to XDSM]: disabled
22:271  0:000  3. [change EC0 to EC]: disabled
22:271  0:000  4. [change H_EC to EC]: disabled
22:271  0:000  5. [change EHC1 to EH01]: pattern 45484331, bin not found / already patched!
22:271  0:000  6. [change EHC2 to EH02]: pattern 45484332, bin not found / already patched!
22:271  0:000  7. [change GFX0 to IGPU]: pattern 47465830, bin not found / already patched!
22:271  0:000  8. [change GFX0 to IGPU]: pattern 47465830, bin not found / already patched!
22:271  0:000  9. [change PCI0.VID to IGPU #1 (Thinkpad)]: pattern 50434930, bin not found / already patched!
22:271  0:000  10. [change PCI0.VID to IGPU #2 (Thinkpad)]: pattern 5649445F, bin not found / already patched!
22:271  0:000  11. [change B0D3 to HDAU]: pattern 42304433, bin not found / already patched!
22:271  0:000    0 replacements
22:271  0:000  0. [change OSID to XSID (to avoid match against _OSI XOSI patch)]: disabled
22:271  0:000  1. [change _OSI to XOSI]: disabled
22:271  0:000  2. [change _DSM to XDSM]: disabled
22:271  0:000  3. [change EC0 to EC]: disabled
22:271  0:000  4. [change H_EC to EC]: disabled
22:271  0:000  5. [change EHC1 to EH01]: pattern 45484331, bin not found / already patched!
22:271  0:000  6. [change EHC2 to EH02]: pattern 45484332, bin not found / already patched!
22:271  0:000  7. [change GFX0 to IGPU]: pattern 47465830, bin not found / already patched!
22:271  0:000  8. [change GFX0 to IGPU]: pattern 47465830, bin not found / already patched!
22:271  0:000  9. [change PCI0.VID to IGPU #1 (Thinkpad)]: pattern 50434930, bin not found / already patched!
22:271  0:000  10. [change PCI0.VID to IGPU #2 (Thinkpad)]: pattern 5649445F, bin not found / already patched!
22:271  0:000  11. [change B0D3 to HDAU]: pattern 42304433, bin not found / already patched!
22:271  0:000    0 replacements
22:271  0:000  Found OperationRegion(PPMT, SystemMemory, 9AFBCE98, ...)
22:271  0:000  0. [change OSID to XSID (to avoid match against _OSI XOSI patch)]: disabled
22:271  0:000  1. [change _OSI to XOSI]: disabled
22:271  0:000  2. [change _DSM to XDSM]: disabled
22:271  0:000  3. [change EC0 to EC]: disabled
22:271  0:000  4. [change H_EC to EC]: disabled
22:271  0:000  5. [change EHC1 to EH01]: pattern 45484331, bin not found / already patched!
22:271  0:000  6. [change EHC2 to EH02]: pattern 45484332, bin not found / already patched!
22:271  0:000  7. [change GFX0 to IGPU]: pattern 47465830, patched at: [ (D8B) (17) (17) (1A) (1CDB) (1B) (1B) (1B) (D86) (1D) ]
22:272  0:000  8. [change GFX0 to IGPU]: pattern 47465830, bin not found / already patched!
22:272  0:000  9. [change PCI0.VID to IGPU #1 (Thinkpad)]: pattern 50434930, bin not found / already patched!
22:272  0:000  10. [change PCI0.VID to IGPU #2 (Thinkpad)]: pattern 5649445F, bin not found / already patched!
22:272  0:000  11. [change B0D3 to HDAU]: pattern 42304433, patched at: [ (858) (2EC4) (10) (F) (F) (F) (F) ]
22:272  0:000    0 replacements
22:272  0:000  Found OperationRegion(SANV, SystemMemory, 9AFB6D98, ...)
22:272  0:000  Found OperationRegion(CCDC, SystemMemory, 80000000, ...)
22:272  0:000  0. [change OSID to XSID (to avoid match against _OSI XOSI patch)]: disabled
22:272  0:000  1. [change _OSI to XOSI]: disabled
22:272  0:000  2. [change _DSM to XDSM]: disabled
22:272  0:000  3. [change EC0 to EC]: disabled
22:272  0:000  4. [change H_EC to EC]: disabled
22:272  0:000  5. [change EHC1 to EH01]: pattern 45484331, bin not found / already patched!
22:272  0:000  6. [change EHC2 to EH02]: pattern 45484332, bin not found / already patched!
22:272  0:000  7. [change GFX0 to IGPU]: pattern 47465830, patched at: [ (2B0) (3E) (50) (13EA) (22) (2A) (1B) (1B) (22) (1B) (1B) (24) (22) (2A) (22) (2A) (22) (2A) (22) (2A) (22) (2A) (22) (212) (793) (13) (28) (27) (13) (28) (27) (13) (28) (27) (13) (28) (27) (13) (28) (27) (13) (28) (27) (13) (28) (27) (13) (28) (27) (13) (28) (27) (13) (28) (27) (13) (28) (27) (13) (28) (27) (13) (28) (27) (13) (28) (27) (13) (28) (27) (13) (28) ]
22:272  0:000  8. [change GFX0 to IGPU]: pattern 47465830, bin not found / already patched!
22:272  0:000  9. [change PCI0.VID to IGPU #1 (Thinkpad)]: pattern 50434930, bin not found / already patched!
22:272  0:000  10. [change PCI0.VID to IGPU #2 (Thinkpad)]: pattern 5649445F, bin not found / already patched!
22:272  0:000  11. [change B0D3 to HDAU]: pattern 42304433, bin not found / already patched!
22:272  0:000    0 replacements
22:272  0:000  Found OperationRegion(VBOR, SystemMemory, 9AFAA018, ...)
22:272  0:000  Found OperationRegion(SGOP, SystemMemory, 9AFBCE18, ...)
22:272  0:000  Found OperationRegion(NOPR, SystemMemory, 9AFA8018, ...)
22:272  0:000  === [ ACPIPatchedAML ] ====================================
22:272  0:000  Sorted
22:272  0:000  Inserting table[0]:SSDT-Disable-DGPU.aml from EFI\CLOVER\ACPI\patched: size=1777 ... Success
22:272  0:000  CPUBase=0 and ApicCPUBase=1 ApicCPUNum=8
22:272  0:000  Maximum control=0x1A
22:272  0:000  Turbo control=0x20
22:272  0:000  P-States: min 0x8, max 0x20
22:272  0:000  SSDT with CPU P-States and plugin-type generated successfully
22:272  0:000  SSDT with CPU C-States generated successfully
22:272  0:000  Cleanup XSDT: count=21, length=204
22:272  0:000  corrected XSDT count=21, length=204
22:272  0:000  === [ RestSetup macOS ] ===================================
22:272  0:000  --- Custom EDID Table size:128
22:272  0:000  000  |  00  FF  FF  FF  FF  FF  FF  00  0D  AE
22:272  0:000  010  |  35  17  00  00  00  00  32  16  01  04
22:272  0:000  020  |  95  26  15  78  02  D4  95  A3  55  50
22:272  0:000  030  |  9D  27  0F  50  54  00  00  00  01  01
22:272  0:000  040  |  01  01  01  01  01  01  01  01  01  01
22:272  0:000  050  |  01  01  01  01  B4  3B  80  4A  71  38
22:272  0:000  060  |  34  40  30  20  35  00  7E  D7  10  00
22:272  0:000  070  |  00  18  00  00  00  FE  00  4E  31  37
22:272  0:000  080  |  33  48  47  45  2D  45  31  31  0A  20
22:272  0:000  090  |  00  00  00  FE  00  43  4D  4E  0A  20
22:272  0:000  100  |  20  20  20  20  20  20  20  20  00  00
22:272  0:000  110  |  00  FE  00  4E  31  37  33  48  47  45
22:272  0:000  120  |  2D  45  31  31  0A  20  00  E0
22:272  0:000  Intel HD Graphics 4600 [8086:0416] :: PciRoot(0x0)\Pci(0x2,0x0)
22:272  0:000    Found Super XGA Display - 5:4 :: Width=1280 Height=1024
22:272  0:000    AAPL00,override-no-connect: added
22:272  0:000    Beginning DualLink auto-detection
22:272  0:000    Low Resolution Display
22:272  0:000    AAPL00,DualLink: not used
22:272  0:000    FakeID Intel GFX = 0x04128086
22:272  0:000    ig-platform-id = 0x0A260006
22:272  0:000  Intel GFX revision  = 0x6
22:272  0:000   setting specified layout-id=11 (0xB)
22:272  0:000   setting specified layout-id=11 (0xB)
22:272  0:000  stringlength = 3334
22:272  0:000  CurrentMode: Width=1280 Height=1024
22:272  0:000  Beginning FSInjection
FSInjectionInstall ...
- Our FSI_SIMPLE_FILE_SYSTEM_PROTOCOL installed on handle: 98245B98
FSInjectionInstall ...
- Our FSI_SIMPLE_FILE_SYSTEM_PROTOCOL installed on handle: 98245B98
22:283  0:011  Use origin smbios table type 1 guid.
22:283  0:000    Force kext: System\Library\Extensions\IONetworkingFamily.kext
22:284  0:000  Failed to load extra kext (Info.plist not found): System\Library\Extensions\IONetworkingFamily.kext
22:284  0:000  Preparing kexts injection for arch=x86_64 from EFI\CLOVER\kexts\Other
22:284  0:000  Extra kext: EFI\CLOVER\kexts\Other\GenericUSBXHCI.kext.bak (v.1.2.11)
22:307  0:023  Extra kext: EFI\CLOVER\kexts\Other\USBInjectAll.kext.bak (v.0.6.2)
22:839  0:531  Extra kext: EFI\CLOVER\kexts\Other\FakePCIID_XHCIMux.kext (v.1.3.15)
22:865  0:026  Extra kext: EFI\CLOVER\kexts\Other\FakePCIID_Intel_HDMI_Audio.kext (v.1.3.15)
22:878  0:012  Extra kext: EFI\CLOVER\kexts\Other\FakePCIID_Intel_HD_Graphics.kext (v.1.3.15)
22:905  0:027  Extra kext: EFI\CLOVER\kexts\Other\FakePCIID_Intel_GbX.kext (v.1.3.15)
22:918  0:012  Extra kext: EFI\CLOVER\kexts\Other\ATH9KInjector.kext (v.1.2.6)
22:925  0:007  Extra kext: EFI\CLOVER\kexts\Other\ATH9KFixup.kext (v.1.2.6)
22:947  0:021  Extra kext: EFI\CLOVER\kexts\Other\WhateverGreen.kext (v.1.1.4)
22:959  0:012  Extra kext: EFI\CLOVER\kexts\Other\VoodooPS2Controller.kext (v.1.8.28)
22:972  0:012    |-- PlugIn kext: EFI\CLOVER\kexts\Other\VoodooPS2Controller.kext\Contents\PlugIns\VoodooPS2Trackpad.kext (v.1.8.28)
22:993  0:020    |-- PlugIn kext: EFI\CLOVER\kexts\Other\VoodooPS2Controller.kext\Contents\PlugIns\VoodooPS2Mouse.kext (v.1.8.28)
23:004  0:011    |-- PlugIn kext: EFI\CLOVER\kexts\Other\VoodooPS2Controller.kext\Contents\PlugIns\VoodooPS2Keyboard.kext (v.1.8.28)
23:033  0:028  Extra kext: EFI\CLOVER\kexts\Other\USBInjectAll.kext (v.0.7.1)
23:490  0:456  Extra kext: EFI\CLOVER\kexts\Other\SATA-100-series-unsupported.kext (v.0.5.1)
23:495  0:004  Extra kext: EFI\CLOVER\kexts\Other\RealtekRTL8111.kext (v.2.2.2)
23:558  0:063  Extra kext: EFI\CLOVER\kexts\Other\NullCPUPowerManagement.kext (v.1.0.0d2)
23:571  0:013  Extra kext: EFI\CLOVER\kexts\Other\Lilu.kext (v.1.2.7)
23:591  0:019  Extra kext: EFI\CLOVER\kexts\Other\IntelMausiEthernet.kext (v.2.3.0)
23:621  0:029  Extra kext: EFI\CLOVER\kexts\Other\IntelGraphicsFixup.kext (v.1.1.6)
23:632  0:011  Extra kext: EFI\CLOVER\kexts\Other\IntelGraphicsDVMTFixup.kext (v.1.1.8)
23:643  0:010  Extra kext: EFI\CLOVER\kexts\Other\FakeSMC.kext (v.1800)
23:689  0:046  Extra kext: EFI\CLOVER\kexts\Other\FakePCIID_Broadcom_WiFi.kext (v.1.3.15)
23:718  0:028  Extra kext: EFI\CLOVER\kexts\Other\FakePCIID_BCM57XX_as_BCM57765.kext (v.1.3.15)
23:742  0:023  Extra kext: EFI\CLOVER\kexts\Other\FakePCIID_AR9280_as_AR946x.kext (v.1.3.15)
23:767  0:025  Extra kext: EFI\CLOVER\kexts\Other\FakePCIID.kext (v.1.3.15)
23:781  0:014  Extra kext: EFI\CLOVER\kexts\Other\CPUFriend.kext (v.1.1.2)
23:801  0:019  Extra kext: EFI\CLOVER\kexts\Other\CoreDisplayFixup.kext (v.1.3.3)
23:812  0:010  Extra kext: EFI\CLOVER\kexts\Other\CodecCommander.kext (v.2.6.3)
23:859  0:047  Extra kext: EFI\CLOVER\kexts\Other\BrcmPatchRAM2.kext (v.2.2.7)
24:030  0:171  Extra kext: EFI\CLOVER\kexts\Other\BrcmFirmwareData.kext (v.2.2.7)
24:073  0:042  Extra kext: EFI\CLOVER\kexts\Other\AzulPatcher4600.kext (v.1.2.0)
24:096  0:022  Extra kext: EFI\CLOVER\kexts\Other\AppleALC.kext (v.1.2.0)
24:118  0:021    |-- PlugIn kext: EFI\CLOVER\kexts\Other\AppleALC.kext\Contents\PlugIns\PinConfigs.kext (v.1.0.0)
24:492  0:374  Extra kext: EFI\CLOVER\kexts\Other\AirportBrcmFixup.kext (v.1.0.1)
24:516  0:024  Extra kext: EFI\CLOVER\kexts\Other\AHCI_Intel_Generic_SATA.kext (v.0.5)
24:531  0:014  Extra kext: EFI\CLOVER\kexts\Other\AHCI_3rdParty_SATA.kext (v.0.5)
24:597  0:066  Extra kext: EFI\CLOVER\kexts\Other\AHCI_3rdParty_eSATA.kext (v.0.5)
24:649  0:051  Extra kext: EFI\CLOVER\kexts\Other\ACPIBatteryManager.kext (v.1.81.3)
24:674  0:025  SetStartupDiskVolume:
24:674  0:000    * Volume: 'Recovery HD'
24:674  0:000    * LoaderPath: '\com.apple.recovery.boot\boot.efi'
24:674  0:000    * DevPath: Recovery HD
24:674  0:000    * GUID = 62B728EF-28C2-41DC-B34C-7F165BEA25B5
24:684  0:010    * efi-boot-device: <array><dict><key>IOMatch</key><dict><key>IOProviderClass</key><string>IOMedia</string><key>IOPropertyMatch</key><dict><key>UUID</key><string>62B728EF-28C2-41DC-B34C-7F165BEA25B5</string></dict></dict></dict></array>
24:695  0:011  SetScreenResolution: 1280x1024 - already set
24:716  0:020  Custom boot is disabled
24:716  0:000  Closing log
